<?xml version="1.0" encoding="UTF-8"?>
<testsuite name="com.phonebook.tests.HomePageTests" tests="1" skipped="0" failures="0" errors="0" timestamp="2025-09-19T08:06:52.667Z" hostname="MacBook-Air-Anastasiya.local" time="0.006">
  <properties/>
  <testcase name="isHomeComponentPresentTest" classname="com.phonebook.tests.HomePageTests" time="0.006"/>
  <system-out><![CDATA[10:06:42.574 [Test worker] INFO  com.phonebook.tests.TestBase -- Start test isHomeComponentPresentTest[]
10:06:42.575 [Test worker] INFO  com.phonebook.utils.MyListener -- Before find elements By.cssSelector: div:nth-child(2)>div>div>h1
10:06:42.575 [Test worker] INFO  com.phonebook.utils.MyListener -- ************************************
10:06:52.608 [Test worker] INFO  com.phonebook.utils.MyListener -- List size is 0
10:06:52.609 [Test worker] INFO  com.phonebook.utils.MyListener -- ************************************
10:06:52.609 [Test worker] INFO  com.phonebook.utils.MyListener -- The locator will find By.cssSelector: [href='/home']
10:06:52.609 [Test worker] INFO  com.phonebook.utils.MyListener -- ************************************
10:06:52.618 [Test worker] INFO  com.phonebook.utils.MyListener -- The locator is By.cssSelector: [href='/home']
10:06:52.618 [Test worker] INFO  com.phonebook.utils.MyListener -- ************************************
10:06:52.668 [Test worker] INFO  com.phonebook.utils.MyListener -- Before find elements By.cssSelector: div:nth-child(2)>div>div>h1
10:06:52.668 [Test worker] INFO  com.phonebook.utils.MyListener -- ************************************
10:06:52.673 [Test worker] INFO  com.phonebook.utils.MyListener -- List size is 1
10:06:52.673 [Test worker] INFO  com.phonebook.utils.MyListener -- ************************************
10:06:52.674 [Test worker] INFO  com.phonebook.tests.TestBase -- PASSED: isHomeComponentPresentTest
10:06:52.674 [Test worker] INFO  com.phonebook.tests.TestBase -- Stop test
10:06:52.674 [Test worker] INFO  com.phonebook.tests.TestBase -- *********************************************************
]]></system-out>
  <system-err><![CDATA[]]></system-err>
</testsuite>
